[10:44:56] [main/WARN]: Ambiguity between arguments [teleport, destination] and [teleport, targets] with inputs: [Player, 0123, @e, dd12be42-52a9-4a91-a8a1-11c01849e498]
[10:44:56] [main/WARN]: Ambiguity between arguments [teleport, location] and [teleport, destination] with inputs: [0.1 -0.5 .9, 0 0 0]
[10:44:56] [main/WARN]: Ambiguity between arguments [teleport, location] and [teleport, targets] with inputs: [0.1 -0.5 .9, 0 0 0]
[10:44:56] [main/WARN]: Ambiguity between arguments [teleport, targets] and [teleport, destination] with inputs: [Player, 0123, dd12be42-52a9-4a91-a8a1-11c01849e498]
[10:44:56] [main/WARN]: Ambiguity between arguments [teleport, targets, location] and [teleport, targets, destination] with inputs: [0.1 -0.5 .9, 0 0 0]
[10:44:57] [main/INFO]: Loaded 0 recipes
[10:44:57] [main/INFO]: Loaded 0 advancements
[10:44:57] [Server thread/INFO]: Starting minecraft server version 1.13.1
[10:44:57] [Server thread/INFO]: Loading properties
[10:44:57] [Server console handler/ERROR]: Exception handling console input
java.io.IOException: The handle is invalid
	at java.io.FileInputStream.readBytes(Native Method) ~[?:1.8.0_181]
	at java.io.FileInputStream.read(Unknown Source) ~[?:1.8.0_181]
	at java.io.BufferedInputStream.read1(Unknown Source) ~[?:1.8.0_181]
	at java.io.BufferedInputStream.read(Unknown Source) ~[?:1.8.0_181]
	at sun.nio.cs.StreamDecoder.readBytes(Unknown Source) ~[?:1.8.0_181]
	at sun.nio.cs.StreamDecoder.implRead(Unknown Source) ~[?:1.8.0_181]
	at sun.nio.cs.StreamDecoder.read(Unknown Source) ~[?:1.8.0_181]
	at java.io.InputStreamReader.read(Unknown Source) ~[?:1.8.0_181]
	at java.io.BufferedReader.fill(Unknown Source) ~[?:1.8.0_181]
	at java.io.BufferedReader.readLine(Unknown Source) ~[?:1.8.0_181]
	at java.io.BufferedReader.readLine(Unknown Source) ~[?:1.8.0_181]
	at so$2.run(SourceFile:110) [server.jar:?]
[10:44:57] [Server thread/INFO]: Default game type: CREATIVE
[10:44:57] [Server thread/INFO]: Generating keypair
[10:44:57] [Server thread/INFO]: Starting Minecraft server on *:25565
[10:44:57] [Server thread/INFO]: Using default channel type
[10:44:58] [Server thread/INFO]: Preparing level "world"
[10:44:58] [Server thread/INFO]: Reloading ResourceManager: Default
[10:44:58] [Server thread/INFO]: Loaded 524 recipes
[10:44:59] [Server thread/INFO]: Loaded 571 advancements
[10:44:59] [Server thread/INFO]: Preparing start region for dimension minecraft:overworld
[10:44:59] [Server thread/INFO]: Preparing spawn area: 4%
[10:44:59] [Server thread/INFO]: Preparing spawn area: 8%
[10:44:59] [Server thread/INFO]: Preparing spawn area: 12%
[10:44:59] [Server thread/INFO]: Preparing spawn area: 16%
[10:44:59] [Server thread/INFO]: Preparing spawn area: 20%
[10:44:59] [Server thread/INFO]: Preparing spawn area: 24%
[10:44:59] [Server thread/INFO]: Preparing spawn area: 28%
[10:44:59] [Server thread/INFO]: Preparing spawn area: 32%
[10:44:59] [Server thread/INFO]: Preparing spawn area: 36%
[10:44:59] [Server thread/INFO]: Preparing spawn area: 40%
[10:44:59] [Server thread/INFO]: Preparing spawn area: 44%
[10:44:59] [Server thread/INFO]: Preparing spawn area: 48%
[10:45:00] [Server thread/INFO]: Preparing spawn area: 52%
[10:45:00] [Server thread/INFO]: Preparing spawn area: 56%
[10:45:00] [Server thread/INFO]: Preparing spawn area: 60%
[10:45:00] [Server thread/INFO]: Preparing spawn area: 64%
[10:45:00] [Server thread/INFO]: Preparing spawn area: 68%
[10:45:00] [Server thread/INFO]: Preparing spawn area: 72%
[10:45:00] [Server thread/INFO]: Preparing spawn area: 76%
[10:45:00] [Server thread/INFO]: Preparing spawn area: 80%
[10:45:00] [Server thread/INFO]: Preparing spawn area: 84%
[10:45:00] [Server thread/INFO]: Preparing spawn area: 88%
[10:45:00] [Server thread/INFO]: Preparing spawn area: 92%
[10:45:00] [Server thread/INFO]: Preparing spawn area: 96%
[10:45:00] [Server thread/INFO]: Preparing spawn area: 100%
[10:45:00] [Server thread/INFO]: Time elapsed: 821 ms
[10:45:00] [Server thread/INFO]: Done (2.188s)! For help, type "help"
[10:49:13] [Server thread/INFO]: Stopping the server
[10:49:13] [Server thread/INFO]: Stopping server
[10:49:13] [Server thread/INFO]: Saving players
[10:49:13] [Server thread/INFO]: Saving worlds
[10:49:13] [Server thread/INFO]: Saving chunks for level 'world'/minecraft:the_nether
[10:49:13] [Server thread/INFO]: Saving chunks for level 'world'/minecraft:overworld
[10:49:13] [Server thread/INFO]: Saving chunks for level 'world'/minecraft:the_end
[10:49:13] [Server Shutdown Thread/INFO]: Stopping server
[10:49:13] [Server Shutdown Thread/INFO]: Saving players
[10:49:13] [Server Shutdown Thread/INFO]: Saving worlds
